[2022-12-09 14:04:59] This is codeql database index-files --working-dir=. --include-extension=.htm --include-extension=.html --include-extension=.xhtm --include-extension=.xhtml --include-extension=.vue --size-limit 10m --language html -- /Users/hohn/local/codeql-workshops-staging/go/codeql-go-sqli/go-sqli-a9f3f19
[2022-12-09 14:04:59] Log file was started late.
[2022-12-09 14:04:59] Using index-files script /Users/hohn/local/osx64-2.11.5/codeql/html/tools/index-files.sh.
[2022-12-09 14:04:59] [PROGRESS] database index-files> Scanning for files in /Users/hohn/local/codeql-workshops-staging/go/codeql-go-sqli...
[2022-12-09 14:04:59] Calling plumbing command: codeql resolve files --include-extension=.htm --include-extension=.html --include-extension=.xhtm --include-extension=.xhtml --include-extension=.vue --size-limit=10m /Users/hohn/local/codeql-workshops-staging/go/codeql-go-sqli --format=json
[2022-12-09 14:04:59] [PROGRESS] resolve files> Scanning /Users/hohn/local/codeql-workshops-staging/go/codeql-go-sqli...
[2022-12-09 14:04:59] [PROGRESS] resolve files> Scanning /Users/hohn/local/codeql-workshops-staging/go/codeql-go-sqli/go-sqli-a9f3f19...
[2022-12-09 14:04:59] [PROGRESS] resolve files> Scanning /Users/hohn/local/codeql-workshops-staging/go/codeql-go-sqli/go-sqli-a9f3f19/working...
[2022-12-09 14:04:59] [PROGRESS] resolve files> Scanning /Users/hohn/local/codeql-workshops-staging/go/codeql-go-sqli/go-sqli-a9f3f19/working/copy-root...
[2022-12-09 14:04:59] [PROGRESS] resolve files> Scanning /Users/hohn/local/codeql-workshops-staging/go/codeql-go-sqli/go-sqli-a9f3f19/working/copy-root/000001F5...
[2022-12-09 14:04:59] [PROGRESS] resolve files> Scanning /Users/hohn/local/codeql-workshops-staging/go/codeql-go-sqli/go-sqli-a9f3f19/working/copy-root/000001F5/bin...
[2022-12-09 14:04:59] [PROGRESS] resolve files> Scanning /Users/hohn/local/codeql-workshops-staging/go/codeql-go-sqli/go-sqli-a9f3f19/working/copy-root/000001F5/Users...
[2022-12-09 14:04:59] [PROGRESS] resolve files> Scanning /Users/hohn/local/codeql-workshops-staging/go/codeql-go-sqli/go-sqli-a9f3f19/working/copy-root/000001F5/Users/hohn...
[2022-12-09 14:04:59] [PROGRESS] resolve files> Scanning /Users/hohn/local/codeql-workshops-staging/go/codeql-go-sqli/go-sqli-a9f3f19/working/copy-root/000001F5/Users/hohn/local...
[2022-12-09 14:04:59] [PROGRESS] resolve files> Scanning /Users/hohn/local/codeql-workshops-staging/go/codeql-go-sqli/go-sqli-a9f3f19/working/copy-root/000001F5/Users/hohn/local/osx64-2.11.5...
[2022-12-09 14:04:59] [PROGRESS] resolve files> Scanning /Users/hohn/local/codeql-workshops-staging/go/codeql-go-sqli/go-sqli-a9f3f19/working/copy-root/000001F5/Users/hohn/local/osx64-2.11.5/codeql...
[2022-12-09 14:04:59] [PROGRESS] resolve files> Scanning /Users/hohn/local/codeql-workshops-staging/go/codeql-go-sqli/go-sqli-a9f3f19/working/copy-root/000001F5/Users/hohn/local/osx64-2.11.5/codeql/go...
[2022-12-09 14:04:59] [PROGRESS] resolve files> Scanning /Users/hohn/local/codeql-workshops-staging/go/codeql-go-sqli/go-sqli-a9f3f19/working/copy-root/000001F5/Users/hohn/local/osx64-2.11.5/codeql/go/tools...
[2022-12-09 14:04:59] [PROGRESS] resolve files> Scanning /Users/hohn/local/codeql-workshops-staging/go/codeql-go-sqli/go-sqli-a9f3f19/working/copy-root/000001F5/Users/hohn/local/osx64-2.11.5/codeql/go/tools/osx64...
[2022-12-09 14:04:59] [PROGRESS] resolve files> Scanning /Users/hohn/local/codeql-workshops-staging/go/codeql-go-sqli/go-sqli-a9f3f19/trap...
[2022-12-09 14:04:59] [PROGRESS] resolve files> Scanning /Users/hohn/local/codeql-workshops-staging/go/codeql-go-sqli/go-sqli-a9f3f19/trap/go...
[2022-12-09 14:04:59] [PROGRESS] resolve files> Scanning /Users/hohn/local/codeql-workshops-staging/go/codeql-go-sqli/go-sqli-a9f3f19/trap/go/database...
[2022-12-09 14:04:59] [PROGRESS] resolve files> Scanning /Users/hohn/local/codeql-workshops-staging/go/codeql-go-sqli/go-sqli-a9f3f19/trap/go/database/sql...
[2022-12-09 14:04:59] [PROGRESS] resolve files> Scanning /Users/hohn/local/codeql-workshops-staging/go/codeql-go-sqli/go-sqli-a9f3f19/trap/go/crypto...
[2022-12-09 14:04:59] [PROGRESS] resolve files> Scanning /Users/hohn/local/codeql-workshops-staging/go/codeql-go-sqli/go-sqli-a9f3f19/trap/go/crypto/internal...
[2022-12-09 14:04:59] [PROGRESS] resolve files> Scanning /Users/hohn/local/codeql-workshops-staging/go/codeql-go-sqli/go-sqli-a9f3f19/trap/go/crypto/internal/boring...
[2022-12-09 14:04:59] [PROGRESS] resolve files> Scanning /Users/hohn/local/codeql-workshops-staging/go/codeql-go-sqli/go-sqli-a9f3f19/trap/go/net...
[2022-12-09 14:04:59] [PROGRESS] resolve files> Scanning /Users/hohn/local/codeql-workshops-staging/go/codeql-go-sqli/go-sqli-a9f3f19/trap/go/unicode...
[2022-12-09 14:04:59] [PROGRESS] resolve files> Scanning /Users/hohn/local/codeql-workshops-staging/go/codeql-go-sqli/go-sqli-a9f3f19/trap/go/io...
[2022-12-09 14:04:59] [PROGRESS] resolve files> Scanning /Users/hohn/local/codeql-workshops-staging/go/codeql-go-sqli/go-sqli-a9f3f19/trap/go/runtime...
[2022-12-09 14:04:59] [PROGRESS] resolve files> Scanning /Users/hohn/local/codeql-workshops-staging/go/codeql-go-sqli/go-sqli-a9f3f19/trap/go/runtime/internal...
[2022-12-09 14:04:59] [PROGRESS] resolve files> Scanning /Users/hohn/local/codeql-workshops-staging/go/codeql-go-sqli/go-sqli-a9f3f19/trap/go/internal...
[2022-12-09 14:04:59] [PROGRESS] resolve files> Scanning /Users/hohn/local/codeql-workshops-staging/go/codeql-go-sqli/go-sqli-a9f3f19/trap/go/internal/syscall...
[2022-12-09 14:04:59] [PROGRESS] resolve files> Scanning /Users/hohn/local/codeql-workshops-staging/go/codeql-go-sqli/go-sqli-a9f3f19/trap/go/encoding...
[2022-12-09 14:04:59] [PROGRESS] resolve files> Scanning /Users/hohn/local/codeql-workshops-staging/go/codeql-go-sqli/go-sqli-a9f3f19/trap/go/math...
[2022-12-09 14:04:59] [PROGRESS] resolve files> Scanning /Users/hohn/local/codeql-workshops-staging/go/codeql-go-sqli/go-sqli-a9f3f19/trap/go/compilations...
[2022-12-09 14:04:59] [PROGRESS] resolve files> Scanning /Users/hohn/local/codeql-workshops-staging/go/codeql-go-sqli/go-sqli-a9f3f19/trap/go/compilations/ab...
[2022-12-09 14:04:59] [PROGRESS] resolve files> Scanning /Users/hohn/local/codeql-workshops-staging/go/codeql-go-sqli/go-sqli-a9f3f19/trap/go/Users...
[2022-12-09 14:04:59] [PROGRESS] resolve files> Scanning /Users/hohn/local/codeql-workshops-staging/go/codeql-go-sqli/go-sqli-a9f3f19/trap/go/Users/hohn...
[2022-12-09 14:04:59] [PROGRESS] resolve files> Scanning /Users/hohn/local/codeql-workshops-staging/go/codeql-go-sqli/go-sqli-a9f3f19/trap/go/Users/hohn/local...
[2022-12-09 14:04:59] [PROGRESS] resolve files> Scanning /Users/hohn/local/codeql-workshops-staging/go/codeql-go-sqli/go-sqli-a9f3f19/trap/go/Users/hohn/local/codeql-workshops-staging...
[2022-12-09 14:04:59] [PROGRESS] resolve files> Scanning /Users/hohn/local/codeql-workshops-staging/go/codeql-go-sqli/go-sqli-a9f3f19/trap/go/Users/hohn/local/codeql-workshops-staging/go...
[2022-12-09 14:04:59] [PROGRESS] resolve files> Scanning /Users/hohn/local/codeql-workshops-staging/go/codeql-go-sqli/go-sqli-a9f3f19/trap/go/Users/hohn/local/codeql-workshops-staging/go/codeql-go-sqli...
[2022-12-09 14:04:59] [PROGRESS] resolve files> Scanning /Users/hohn/local/codeql-workshops-staging/go/codeql-go-sqli/go-sqli-a9f3f19/trap/go/github.com...
[2022-12-09 14:04:59] [PROGRESS] resolve files> Scanning /Users/hohn/local/codeql-workshops-staging/go/codeql-go-sqli/go-sqli-a9f3f19/trap/go/github.com/mattn...
[2022-12-09 14:04:59] [PROGRESS] resolve files> Scanning /Users/hohn/local/codeql-workshops-staging/go/codeql-go-sqli/go-sqli-a9f3f19/trap/go/sync...
[2022-12-09 14:04:59] [PROGRESS] resolve files> Scanning /Users/hohn/local/codeql-workshops-staging/go/codeql-go-sqli/go-sqli-a9f3f19/trap/go/codeql-go...
[2022-12-09 14:04:59] [PROGRESS] resolve files> Scanning /Users/hohn/local/codeql-workshops-staging/go/codeql-go-sqli/go-sqli-a9f3f19/log...
[2022-12-09 14:04:59] [PROGRESS] resolve files> Scanning /Users/hohn/local/codeql-workshops-staging/go/codeql-go-sqli/go-sqli-a9f3f19/src...
[2022-12-09 14:04:59] [PROGRESS] resolve files> Scanning /Users/hohn/local/codeql-workshops-staging/go/codeql-go-sqli/go-sqli-a9f3f19/src/Users...
[2022-12-09 14:04:59] [PROGRESS] resolve files> Scanning /Users/hohn/local/codeql-workshops-staging/go/codeql-go-sqli/go-sqli-a9f3f19/src/Users/hohn...
[2022-12-09 14:04:59] [PROGRESS] resolve files> Scanning /Users/hohn/local/codeql-workshops-staging/go/codeql-go-sqli/go-sqli-a9f3f19/src/Users/hohn/local...
[2022-12-09 14:04:59] [PROGRESS] resolve files> Scanning /Users/hohn/local/codeql-workshops-staging/go/codeql-go-sqli/go-sqli-a9f3f19/src/Users/hohn/local/codeql-workshops-staging...
[2022-12-09 14:04:59] [PROGRESS] resolve files> Scanning /Users/hohn/local/codeql-workshops-staging/go/codeql-go-sqli/go-sqli-a9f3f19/src/Users/hohn/local/codeql-workshops-staging/go...
[2022-12-09 14:04:59] [PROGRESS] resolve files> Scanning /Users/hohn/local/codeql-workshops-staging/go/codeql-go-sqli/go-sqli-a9f3f19/src/Users/hohn/local/codeql-workshops-staging/go/codeql-go-sqli...
[2022-12-09 14:04:59] Plumbing command codeql resolve files completed:
                      [ ]
[2022-12-09 14:04:59] [DETAILS] database index-files> Found 0 files.
[2022-12-09 14:04:59] Terminating normally.
